Steven Henderson, steven@bluehorizonsmedia.co.uk, 1267455754, 0001
Steven Henderson, steven@bluehorizonsmedia.co.uk, 1267455887, 0002
Steven Henderson, steven@bluehorizonsmedia.co.uk, 1267455892, 0003
Steven, steven@bluehorizonsmedia.co.uk, 1267456174, 0004
Steven Henderson, steven@bluehorizonsmedia.co.uk, 1267456594, 0005
Steven Henderson, steven@bluehorizonsmedia.co.uk, 1267456616, 0006
Steven Henderson, steven@bluehorizonsmedia.co.uk, 1267456656, 0007
Steven Henderson, steven@bluehorizonsmedia.co.uk, 1267456668, 0008
Steven Henderson, steven@bluehorizonsmedia.co.uk, 1267457964, 0009
Steven Henderson, steven@bluehorizonsmedia.co.uk, 1267458052, 00010
Steven, steven@bluehorizonsmarketing.co.uk, 1267617148, 00011
Steven, steven@bluehorizonsmarketing.co.uk, 1267619186, 00012
Steven, steven@bluehorizonsmarketing.co.uk, 1267619565, 00013
Steven, steven@bluehorizonsmarketing.co.uk, 1267620037, 00014
hjghj, jo@dsfsd.co.uk, 1267621857, 00015
Steven, steven@bluehorizonsmarketing.co.uk, 1267621923, 00016
fgfhfgh, jo@fghf.bhj, 1267621937, 00017
hgjhgjhg, go@sdfdsf.co.hk, 1267622035, 00018
Marcus Davitt, marcus.davitt@gmail.com, 1267622048, 00019
hgg  hfghf hgfhgf, gh@sdfs.co, 1267622082, 00020
fd  nvbn, ho@dsff.go, 1267622105, 00021
dfgfd, jo@fdg.dg, 1267624255, 00022
Marcus, marcus.davitt@gmail.com, 1267624876, 00023
Carole Holland, robcholland@aol.com, 1267627243, 00024
Mark Foster, mark.foster@dpcar.co.uk, 1267633409, 00025
Carole, robcholland@aol.com, 1267702671, 00026
Steven Henderson, steven@bluehorizonsmarketing.co.uk, 1267715515, 00027
sonia hayward , soniah11167@hotmail.com, 1267871517, 00028
Emma Morton, emma@ljmsystemds.co.uk, 1267968673, 00029
Carolyne Pascoe, carolyne.pascoe@btinternet.com, 1268084207, 00030
trrte, jo@ghjh.ok, 1268135585, 00031
fyfthytgjh, gfhf@dfg.n, 1268135654, 00032
fdgfdg, fhfg@gh.kl, 1268135805, 00033
ghjhgjhgj, hgjghj@hg.g, 1268135890, 00034
gfhgfhgf, dfg@ghj.hh, 1268135914, 00035
Zoe, zoe@bluehorizonsmarketing.co.uk, 1268135942, 00036